{"/home/fialco/yo-juttui/pienryhmien-optimointi/frontend/src/components/Footer.jsx": {"path":"/home/fialco/yo-juttui/pienryhmien-optimointi/frontend/src/components/Footer.jsx","statementMap":{"0":{"start":{"line":6,"column":15},"end":{"line":32,"column":null}},"1":{"start":{"line":7,"column":12},"end":{"line":7,"column":null}},"2":{"start":{"line":8,"column":2},"end":{"line":30,"column":null}}},"fnMap":{"0":{"name":"(anonymous_0)","decl":{"start":{"line":6,"column":15},"end":{"line":6,"column":21}},"loc":{"start":{"line":6,"column":21},"end":{"line":32,"column":null}},"line":6}},"branchMap":{},"s":{"0":1,"1":1,"2":1},"f":{"0":1},"b":{},"meta":{"lastBranch":0,"lastFunction":1,"lastStatement":3,"seen":{"s:6:15:32:Infinity":0,"f:6:15:6:21":0,"s:7:12:7:Infinity":1,"s:8:2:30:Infinity":2}}}
,"/home/fialco/yo-juttui/pienryhmien-optimointi/frontend/src/components/footer_components/LanguageSwitcher.jsx": {"path":"/home/fialco/yo-juttui/pienryhmien-optimointi/frontend/src/components/footer_components/LanguageSwitcher.jsx","statementMap":{"0":{"start":{"line":5,"column":25},"end":{"line":34,"column":null}},"1":{"start":{"line":6,"column":38},"end":{"line":8,"column":null}},"2":{"start":{"line":9,"column":15},"end":{"line":9,"column":null}},"3":{"start":{"line":11,"column":25},"end":{"line":15,"column":null}},"4":{"start":{"line":12,"column":4},"end":{"line":12,"column":null}},"5":{"start":{"line":13,"column":4},"end":{"line":13,"column":null}},"6":{"start":{"line":14,"column":4},"end":{"line":14,"column":null}},"7":{"start":{"line":17,"column":2},"end":{"line":32,"column":null}},"8":{"start":{"line":20,"column":30},"end":{"line":20,"column":55}},"9":{"start":{"line":22,"column":10},"end":{"line":30,"column":null}},"10":{"start":{"line":27,"column":27},"end":{"line":27,"column":null}}},"fnMap":{"0":{"name":"(anonymous_0)","decl":{"start":{"line":5,"column":25},"end":{"line":5,"column":31}},"loc":{"start":{"line":5,"column":31},"end":{"line":34,"column":null}},"line":5},"1":{"name":"(anonymous_1)","decl":{"start":{"line":11,"column":25},"end":{"line":11,"column":26}},"loc":{"start":{"line":11,"column":34},"end":{"line":15,"column":null}},"line":11},"2":{"name":"(anonymous_2)","decl":{"start":{"line":20,"column":16},"end":{"line":20,"column":17}},"loc":{"start":{"line":20,"column":30},"end":{"line":20,"column":55}},"line":20},"3":{"name":"(anonymous_3)","decl":{"start":{"line":21,"column":13},"end":{"line":21,"column":14}},"loc":{"start":{"line":22,"column":10},"end":{"line":30,"column":null}},"line":22},"4":{"name":"(anonymous_4)","decl":{"start":{"line":27,"column":21},"end":{"line":27,"column":27}},"loc":{"start":{"line":27,"column":27},"end":{"line":27,"column":null}},"line":27}},"branchMap":{"0":{"loc":{"start":{"line":7,"column":4},"end":{"line":7,"column":null}},"type":"binary-expr","locations":[{"start":{"line":7,"column":4},"end":{"line":7,"column":57}},{"start":{"line":7,"column":57},"end":{"line":7,"column":null}}],"line":7}},"s":{"0":1,"1":1,"2":1,"3":1,"4":0,"5":0,"6":0,"7":1,"8":3,"9":2,"10":0},"f":{"0":1,"1":0,"2":3,"3":2,"4":0},"b":{"0":[1,1]},"meta":{"lastBranch":1,"lastFunction":5,"lastStatement":11,"seen":{"s:5:25:34:Infinity":0,"f:5:25:5:31":0,"s:6:38:8:Infinity":1,"b:7:4:7:57:7:57:7:Infinity":0,"s:9:15:9:Infinity":2,"s:11:25:15:Infinity":3,"f:11:25:11:26":1,"s:12:4:12:Infinity":4,"s:13:4:13:Infinity":5,"s:14:4:14:Infinity":6,"s:17:2:32:Infinity":7,"f:20:16:20:17":2,"s:20:30:20:55":8,"f:21:13:21:14":3,"s:22:10:30:Infinity":9,"f:27:21:27:27":4,"s:27:27:27:Infinity":10}}}
,"/home/fialco/yo-juttui/pienryhmien-optimointi/frontend/src/pages/FrontPage.jsx": {"path":"/home/fialco/yo-juttui/pienryhmien-optimointi/frontend/src/pages/FrontPage.jsx","statementMap":{"0":{"start":{"line":11,"column":24},"end":{"line":49,"column":null}},"1":{"start":{"line":19,"column":12},"end":{"line":19,"column":null}},"2":{"start":{"line":21,"column":2},"end":{"line":47,"column":null}},"3":{"start":{"line":51,"column":18},"end":{"line":137,"column":null}},"4":{"start":{"line":52,"column":42},"end":{"line":52,"column":null}},"5":{"start":{"line":53,"column":34},"end":{"line":53,"column":null}},"6":{"start":{"line":54,"column":40},"end":{"line":54,"column":null}},"7":{"start":{"line":55,"column":12},"end":{"line":55,"column":null}},"8":{"start":{"line":57,"column":2},"end":{"line":69,"column":null}},"9":{"start":{"line":58,"column":29},"end":{"line":67,"column":null}},"10":{"start":{"line":59,"column":6},"end":{"line":66,"column":null}},"11":{"start":{"line":60,"column":29},"end":{"line":60,"column":null}},"12":{"start":{"line":61,"column":8},"end":{"line":61,"column":null}},"13":{"start":{"line":62,"column":8},"end":{"line":62,"column":null}},"14":{"start":{"line":63,"column":8},"end":{"line":63,"column":null}},"15":{"start":{"line":65,"column":8},"end":{"line":65,"column":null}},"16":{"start":{"line":68,"column":4},"end":{"line":68,"column":null}},"17":{"start":{"line":71,"column":2},"end":{"line":135,"column":null}},"18":{"start":{"line":113,"column":12},"end":{"line":130,"column":null}}},"fnMap":{"0":{"name":"(anonymous_0)","decl":{"start":{"line":11,"column":24},"end":{"line":11,"column":25}},"loc":{"start":{"line":18,"column":6},"end":{"line":49,"column":null}},"line":18},"1":{"name":"(anonymous_1)","decl":{"start":{"line":51,"column":18},"end":{"line":51,"column":24}},"loc":{"start":{"line":51,"column":24},"end":{"line":137,"column":null}},"line":51},"2":{"name":"(anonymous_2)","decl":{"start":{"line":57,"column":12},"end":{"line":57,"column":18}},"loc":{"start":{"line":57,"column":18},"end":{"line":69,"column":5}},"line":57},"3":{"name":"(anonymous_3)","decl":{"start":{"line":58,"column":29},"end":{"line":58,"column":41}},"loc":{"start":{"line":58,"column":41},"end":{"line":67,"column":null}},"line":58},"4":{"name":"(anonymous_4)","decl":{"start":{"line":112,"column":29},"end":{"line":112,"column":30}},"loc":{"start":{"line":113,"column":12},"end":{"line":130,"column":null}},"line":113}},"branchMap":{"0":{"loc":{"start":{"line":40,"column":9},"end":{"line":43,"column":null}},"type":"binary-expr","locations":[{"start":{"line":40,"column":9},"end":{"line":40,"column":null}},{"start":{"line":41,"column":10},"end":{"line":43,"column":null}}],"line":40},"1":{"loc":{"start":{"line":117,"column":18},"end":{"line":119,"column":null}},"type":"cond-expr","locations":[{"start":{"line":118,"column":22},"end":{"line":118,"column":null}},{"start":{"line":119,"column":22},"end":{"line":119,"column":null}}],"line":117}},"s":{"0":1,"1":4,"2":4,"3":1,"4":1,"5":1,"6":1,"7":1,"8":1,"9":1,"10":1,"11":1,"12":0,"13":0,"14":0,"15":0,"16":1,"17":1,"18":0},"f":{"0":4,"1":1,"2":1,"3":1,"4":0},"b":{"0":[4,1],"1":[0,0]},"meta":{"lastBranch":2,"lastFunction":5,"lastStatement":19,"seen":{"s:11:24:49:Infinity":0,"f:11:24:11:25":0,"s:19:12:19:Infinity":1,"s:21:2:47:Infinity":2,"b:40:9:40:Infinity:41:10:43:Infinity":0,"s:51:18:137:Infinity":3,"f:51:18:51:24":1,"s:52:42:52:Infinity":4,"s:53:34:53:Infinity":5,"s:54:40:54:Infinity":6,"s:55:12:55:Infinity":7,"s:57:2:69:Infinity":8,"f:57:12:57:18":2,"s:58:29:67:Infinity":9,"f:58:29:58:41":3,"s:59:6:66:Infinity":10,"s:60:29:60:Infinity":11,"s:61:8:61:Infinity":12,"s:62:8:62:Infinity":13,"s:63:8:63:Infinity":14,"s:65:8:65:Infinity":15,"s:68:4:68:Infinity":16,"s:71:2:135:Infinity":17,"f:112:29:112:30":4,"s:113:12:130:Infinity":18,"b:118:22:118:Infinity:119:22:119:Infinity":1}}}
,"/home/fialco/yo-juttui/pienryhmien-optimointi/frontend/src/services/csrf.js": {"path":"/home/fialco/yo-juttui/pienryhmien-optimointi/frontend/src/services/csrf.js","statementMap":{"0":{"start":{"line":3,"column":23},"end":{"line":9,"column":1}},"1":{"start":{"line":4,"column":14},"end":{"line":6,"column":4}},"2":{"start":{"line":7,"column":15},"end":{"line":7,"column":31}},"3":{"start":{"line":8,"column":2},"end":{"line":8,"column":null}}},"fnMap":{"0":{"name":"(anonymous_0)","decl":{"start":{"line":3,"column":23},"end":{"line":3,"column":28}},"loc":{"start":{"line":3,"column":35},"end":{"line":9,"column":1}},"line":3}},"branchMap":{},"s":{"0":1,"1":0,"2":0,"3":0},"f":{"0":0},"b":{},"meta":{"lastBranch":0,"lastFunction":1,"lastStatement":4,"seen":{"s:3:23:9:1":0,"f:3:23:3:28":0,"s:4:14:6:4":1,"s:7:15:7:31":2,"s:8:2:8:Infinity":3}}}
,"/home/fialco/yo-juttui/pienryhmien-optimointi/frontend/src/services/surveys.js": {"path":"/home/fialco/yo-juttui/pienryhmien-optimointi/frontend/src/services/surveys.js","statementMap":{"0":{"start":{"line":5,"column":25},"end":{"line":14,"column":1}},"1":{"start":{"line":6,"column":2},"end":{"line":13,"column":null}},"2":{"start":{"line":7,"column":21},"end":{"line":9,"column":6}},"3":{"start":{"line":10,"column":4},"end":{"line":10,"column":null}},"4":{"start":{"line":12,"column":4},"end":{"line":12,"column":null}},"5":{"start":{"line":16,"column":25},"end":{"line":25,"column":1}},"6":{"start":{"line":17,"column":2},"end":{"line":24,"column":null}},"7":{"start":{"line":18,"column":21},"end":{"line":20,"column":6}},"8":{"start":{"line":21,"column":4},"end":{"line":21,"column":null}},"9":{"start":{"line":23,"column":4},"end":{"line":23,"column":null}},"10":{"start":{"line":27,"column":26},"end":{"line":36,"column":1}},"11":{"start":{"line":28,"column":2},"end":{"line":35,"column":null}},"12":{"start":{"line":29,"column":21},"end":{"line":31,"column":6}},"13":{"start":{"line":32,"column":4},"end":{"line":32,"column":null}},"14":{"start":{"line":34,"column":4},"end":{"line":34,"column":null}},"15":{"start":{"line":38,"column":18},"end":{"line":47,"column":1}},"16":{"start":{"line":39,"column":2},"end":{"line":46,"column":null}},"17":{"start":{"line":40,"column":21},"end":{"line":42,"column":6}},"18":{"start":{"line":43,"column":4},"end":{"line":43,"column":null}},"19":{"start":{"line":45,"column":4},"end":{"line":45,"column":null}},"20":{"start":{"line":49,"column":25},"end":{"line":58,"column":1}},"21":{"start":{"line":50,"column":2},"end":{"line":57,"column":null}},"22":{"start":{"line":51,"column":21},"end":{"line":53,"column":6}},"23":{"start":{"line":54,"column":4},"end":{"line":54,"column":null}},"24":{"start":{"line":56,"column":4},"end":{"line":56,"column":null}},"25":{"start":{"line":60,"column":21},"end":{"line":73,"column":1}},"26":{"start":{"line":61,"column":2},"end":{"line":72,"column":null}},"27":{"start":{"line":62,"column":22},"end":{"line":62,"column":56}},"28":{"start":{"line":63,"column":21},"end":{"line":68,"column":6}},"29":{"start":{"line":69,"column":4},"end":{"line":69,"column":null}},"30":{"start":{"line":71,"column":4},"end":{"line":71,"column":null}},"31":{"start":{"line":75,"column":21},"end":{"line":93,"column":1}},"32":{"start":{"line":76,"column":2},"end":{"line":92,"column":null}},"33":{"start":{"line":77,"column":22},"end":{"line":77,"column":56}},"34":{"start":{"line":78,"column":21},"end":{"line":88,"column":5}},"35":{"start":{"line":89,"column":4},"end":{"line":89,"column":null}},"36":{"start":{"line":91,"column":4},"end":{"line":91,"column":null}},"37":{"start":{"line":95,"column":27},"end":{"line":138,"column":1}},"38":{"start":{"line":104,"column":24},"end":{"line":104,"column":44}},"39":{"start":{"line":105,"column":15},"end":{"line":105,"column":25}},"40":{"start":{"line":106,"column":21},"end":{"line":106,"column":28}},"41":{"start":{"line":107,"column":18},"end":{"line":107,"column":22}},"42":{"start":{"line":108,"column":17},"end":{"line":108,"column":45}},"43":{"start":{"line":109,"column":18},"end":{"line":109,"column":49}},"44":{"start":{"line":111,"column":18},"end":{"line":119,"column":3}},"45":{"start":{"line":121,"column":2},"end":{"line":137,"column":null}},"46":{"start":{"line":122,"column":22},"end":{"line":122,"column":56}},"47":{"start":{"line":123,"column":21},"end":{"line":133,"column":5}},"48":{"start":{"line":134,"column":4},"end":{"line":134,"column":null}},"49":{"start":{"line":136,"column":4},"end":{"line":136,"column":null}},"50":{"start":{"line":140,"column":27},"end":{"line":157,"column":1}},"51":{"start":{"line":141,"column":2},"end":{"line":156,"column":null}},"52":{"start":{"line":142,"column":22},"end":{"line":142,"column":56}},"53":{"start":{"line":143,"column":21},"end":{"line":152,"column":5}},"54":{"start":{"line":153,"column":4},"end":{"line":153,"column":null}},"55":{"start":{"line":155,"column":4},"end":{"line":155,"column":null}},"56":{"start":{"line":159,"column":34},"end":{"line":179,"column":1}},"57":{"start":{"line":160,"column":2},"end":{"line":178,"column":null}},"58":{"start":{"line":161,"column":22},"end":{"line":161,"column":56}},"59":{"start":{"line":162,"column":21},"end":{"line":174,"column":5}},"60":{"start":{"line":175,"column":4},"end":{"line":175,"column":null}},"61":{"start":{"line":177,"column":4},"end":{"line":177,"column":null}},"62":{"start":{"line":181,"column":29},"end":{"line":190,"column":1}},"63":{"start":{"line":182,"column":2},"end":{"line":189,"column":null}},"64":{"start":{"line":183,"column":21},"end":{"line":185,"column":6}},"65":{"start":{"line":186,"column":4},"end":{"line":186,"column":null}},"66":{"start":{"line":188,"column":4},"end":{"line":188,"column":null}},"67":{"start":{"line":192,"column":39},"end":{"line":204,"column":1}},"68":{"start":{"line":193,"column":2},"end":{"line":203,"column":null}},"69":{"start":{"line":194,"column":21},"end":{"line":199,"column":5}},"70":{"start":{"line":200,"column":4},"end":{"line":200,"column":null}},"71":{"start":{"line":202,"column":4},"end":{"line":202,"column":null}},"72":{"start":{"line":206,"column":27},"end":{"line":227,"column":1}},"73":{"start":{"line":207,"column":2},"end":{"line":226,"column":null}},"74":{"start":{"line":208,"column":4},"end":{"line":216,"column":null}},"75":{"start":{"line":209,"column":23},"end":{"line":214,"column":7}},"76":{"start":{"line":215,"column":6},"end":{"line":215,"column":null}},"77":{"start":{"line":217,"column":21},"end":{"line":222,"column":5}},"78":{"start":{"line":223,"column":4},"end":{"line":223,"column":null}},"79":{"start":{"line":225,"column":4},"end":{"line":225,"column":null}},"80":{"start":{"line":229,"column":19},"end":{"line":247,"column":1}},"81":{"start":{"line":230,"column":2},"end":{"line":246,"column":null}},"82":{"start":{"line":231,"column":22},"end":{"line":231,"column":56}},"83":{"start":{"line":232,"column":21},"end":{"line":242,"column":5}},"84":{"start":{"line":243,"column":4},"end":{"line":243,"column":null}},"85":{"start":{"line":245,"column":4},"end":{"line":245,"column":null}},"86":{"start":{"line":249,"column":20},"end":{"line":267,"column":1}},"87":{"start":{"line":250,"column":2},"end":{"line":266,"column":null}},"88":{"start":{"line":251,"column":22},"end":{"line":251,"column":56}},"89":{"start":{"line":252,"column":21},"end":{"line":262,"column":5}},"90":{"start":{"line":263,"column":4},"end":{"line":263,"column":null}},"91":{"start":{"line":265,"column":4},"end":{"line":265,"column":null}},"92":{"start":{"line":269,"column":29},"end":{"line":278,"column":1}},"93":{"start":{"line":270,"column":2},"end":{"line":277,"column":null}},"94":{"start":{"line":271,"column":21},"end":{"line":273,"column":6}},"95":{"start":{"line":274,"column":4},"end":{"line":274,"column":null}},"96":{"start":{"line":276,"column":4},"end":{"line":276,"column":null}},"97":{"start":{"line":280,"column":20},"end":{"line":298,"column":1}},"98":{"start":{"line":281,"column":2},"end":{"line":297,"column":null}},"99":{"start":{"line":282,"column":22},"end":{"line":282,"column":56}},"100":{"start":{"line":283,"column":21},"end":{"line":293,"column":5}},"101":{"start":{"line":294,"column":4},"end":{"line":294,"column":null}},"102":{"start":{"line":296,"column":4},"end":{"line":296,"column":null}},"103":{"start":{"line":300,"column":32},"end":{"line":329,"column":1}},"104":{"start":{"line":301,"column":2},"end":{"line":328,"column":null}},"105":{"start":{"line":302,"column":22},"end":{"line":302,"column":56}},"106":{"start":{"line":303,"column":21},"end":{"line":316,"column":5}},"107":{"start":{"line":318,"column":4},"end":{"line":325,"column":null}},"108":{"start":{"line":319,"column":6},"end":{"line":319,"column":null}},"109":{"start":{"line":321,"column":6},"end":{"line":324,"column":null}},"110":{"start":{"line":327,"column":4},"end":{"line":327,"column":null}},"111":{"start":{"line":331,"column":28},"end":{"line":343,"column":1}},"112":{"start":{"line":332,"column":2},"end":{"line":342,"column":null}},"113":{"start":{"line":333,"column":21},"end":{"line":338,"column":5}},"114":{"start":{"line":339,"column":4},"end":{"line":339,"column":null}},"115":{"start":{"line":341,"column":4},"end":{"line":341,"column":null}}},"fnMap":{"0":{"name":"(anonymous_0)","decl":{"start":{"line":5,"column":25},"end":{"line":5,"column":30}},"loc":{"start":{"line":5,"column":37},"end":{"line":14,"column":1}},"line":5},"1":{"name":"(anonymous_1)","decl":{"start":{"line":16,"column":25},"end":{"line":16,"column":30}},"loc":{"start":{"line":16,"column":37},"end":{"line":25,"column":1}},"line":16},"2":{"name":"(anonymous_2)","decl":{"start":{"line":27,"column":26},"end":{"line":27,"column":31}},"loc":{"start":{"line":27,"column":38},"end":{"line":36,"column":1}},"line":27},"3":{"name":"(anonymous_3)","decl":{"start":{"line":38,"column":18},"end":{"line":38,"column":23}},"loc":{"start":{"line":38,"column":38},"end":{"line":47,"column":1}},"line":38},"4":{"name":"(anonymous_4)","decl":{"start":{"line":49,"column":25},"end":{"line":49,"column":30}},"loc":{"start":{"line":49,"column":37},"end":{"line":58,"column":1}},"line":49},"5":{"name":"(anonymous_5)","decl":{"start":{"line":60,"column":21},"end":{"line":60,"column":26}},"loc":{"start":{"line":60,"column":41},"end":{"line":73,"column":1}},"line":60},"6":{"name":"(anonymous_6)","decl":{"start":{"line":75,"column":21},"end":{"line":75,"column":26}},"loc":{"start":{"line":75,"column":41},"end":{"line":93,"column":1}},"line":75},"7":{"name":"(anonymous_7)","decl":{"start":{"line":95,"column":27},"end":{"line":95,"column":32}},"loc":{"start":{"line":103,"column":6},"end":{"line":138,"column":1}},"line":103},"8":{"name":"(anonymous_8)","decl":{"start":{"line":140,"column":27},"end":{"line":140,"column":32}},"loc":{"start":{"line":140,"column":47},"end":{"line":157,"column":1}},"line":140},"9":{"name":"(anonymous_9)","decl":{"start":{"line":159,"column":34},"end":{"line":159,"column":39}},"loc":{"start":{"line":159,"column":68},"end":{"line":179,"column":1}},"line":159},"10":{"name":"(anonymous_10)","decl":{"start":{"line":181,"column":29},"end":{"line":181,"column":34}},"loc":{"start":{"line":181,"column":49},"end":{"line":190,"column":1}},"line":181},"11":{"name":"(anonymous_11)","decl":{"start":{"line":192,"column":39},"end":{"line":192,"column":44}},"loc":{"start":{"line":192,"column":59},"end":{"line":204,"column":1}},"line":192},"12":{"name":"(anonymous_12)","decl":{"start":{"line":206,"column":27},"end":{"line":206,"column":32}},"loc":{"start":{"line":206,"column":68},"end":{"line":227,"column":1}},"line":206},"13":{"name":"(anonymous_13)","decl":{"start":{"line":229,"column":19},"end":{"line":229,"column":24}},"loc":{"start":{"line":229,"column":39},"end":{"line":247,"column":1}},"line":229},"14":{"name":"(anonymous_14)","decl":{"start":{"line":249,"column":20},"end":{"line":249,"column":25}},"loc":{"start":{"line":249,"column":40},"end":{"line":267,"column":1}},"line":249},"15":{"name":"(anonymous_15)","decl":{"start":{"line":269,"column":29},"end":{"line":269,"column":34}},"loc":{"start":{"line":269,"column":49},"end":{"line":278,"column":1}},"line":269},"16":{"name":"(anonymous_16)","decl":{"start":{"line":280,"column":20},"end":{"line":280,"column":25}},"loc":{"start":{"line":280,"column":40},"end":{"line":298,"column":1}},"line":280},"17":{"name":"(anonymous_17)","decl":{"start":{"line":300,"column":32},"end":{"line":300,"column":37}},"loc":{"start":{"line":300,"column":51},"end":{"line":329,"column":1}},"line":300},"18":{"name":"(anonymous_18)","decl":{"start":{"line":331,"column":28},"end":{"line":331,"column":33}},"loc":{"start":{"line":331,"column":48},"end":{"line":343,"column":1}},"line":331}},"branchMap":{"0":{"loc":{"start":{"line":108,"column":17},"end":{"line":108,"column":45}},"type":"cond-expr","locations":[{"start":{"line":108,"column":37},"end":{"line":108,"column":40}},{"start":{"line":108,"column":43},"end":{"line":108,"column":45}}],"line":108},"1":{"loc":{"start":{"line":109,"column":18},"end":{"line":109,"column":49}},"type":"cond-expr","locations":[{"start":{"line":109,"column":38},"end":{"line":109,"column":44}},{"start":{"line":109,"column":47},"end":{"line":109,"column":49}}],"line":109},"2":{"loc":{"start":{"line":208,"column":4},"end":{"line":216,"column":null}},"type":"if","locations":[{"start":{"line":208,"column":4},"end":{"line":216,"column":null}},{"start":{},"end":{}}],"line":208},"3":{"loc":{"start":{"line":318,"column":4},"end":{"line":325,"column":null}},"type":"if","locations":[{"start":{"line":318,"column":4},"end":{"line":325,"column":null}},{"start":{"line":320,"column":11},"end":{"line":325,"column":null}}],"line":318},"4":{"loc":{"start":{"line":319,"column":33},"end":{"line":319,"column":67}},"type":"binary-expr","locations":[{"start":{"line":319,"column":33},"end":{"line":319,"column":54}},{"start":{"line":319,"column":58},"end":{"line":319,"column":67}}],"line":319},"5":{"loc":{"start":{"line":323,"column":13},"end":{"line":323,"column":null}},"type":"binary-expr","locations":[{"start":{"line":323,"column":13},"end":{"line":323,"column":34}},{"start":{"line":323,"column":38},"end":{"line":323,"column":null}}],"line":323}},"s":{"0":1,"1":0,"2":0,"3":0,"4":0,"5":1,"6":0,"7":0,"8":0,"9":0,"10":1,"11":0,"12":0,"13":0,"14":0,"15":1,"16":0,"17":0,"18":0,"19":0,"20":1,"21":1,"22":1,"23":0,"24":0,"25":1,"26":0,"27":0,"28":0,"29":0,"30":0,"31":1,"32":0,"33":0,"34":0,"35":0,"36":0,"37":1,"38":0,"39":0,"40":0,"41":0,"42":0,"43":0,"44":0,"45":0,"46":0,"47":0,"48":0,"49":0,"50":1,"51":0,"52":0,"53":0,"54":0,"55":0,"56":1,"57":0,"58":0,"59":0,"60":0,"61":0,"62":1,"63":0,"64":0,"65":0,"66":0,"67":1,"68":0,"69":0,"70":0,"71":0,"72":1,"73":0,"74":0,"75":0,"76":0,"77":0,"78":0,"79":0,"80":1,"81":0,"82":0,"83":0,"84":0,"85":0,"86":1,"87":0,"88":0,"89":0,"90":0,"91":0,"92":1,"93":0,"94":0,"95":0,"96":0,"97":1,"98":0,"99":0,"100":0,"101":0,"102":0,"103":1,"104":0,"105":0,"106":0,"107":0,"108":0,"109":0,"110":0,"111":1,"112":0,"113":0,"114":0,"115":0},"f":{"0":0,"1":0,"2":0,"3":0,"4":1,"5":0,"6":0,"7":0,"8":0,"9":0,"10":0,"11":0,"12":0,"13":0,"14":0,"15":0,"16":0,"17":0,"18":0},"b":{"0":[0,0],"1":[0,0],"2":[0,0],"3":[0,0],"4":[0,0],"5":[0,0]},"meta":{"lastBranch":6,"lastFunction":19,"lastStatement":116,"seen":{"s:5:25:14:1":0,"f:5:25:5:30":0,"s:6:2:13:Infinity":1,"s:7:21:9:6":2,"s:10:4:10:Infinity":3,"s:12:4:12:Infinity":4,"s:16:25:25:1":5,"f:16:25:16:30":1,"s:17:2:24:Infinity":6,"s:18:21:20:6":7,"s:21:4:21:Infinity":8,"s:23:4:23:Infinity":9,"s:27:26:36:1":10,"f:27:26:27:31":2,"s:28:2:35:Infinity":11,"s:29:21:31:6":12,"s:32:4:32:Infinity":13,"s:34:4:34:Infinity":14,"s:38:18:47:1":15,"f:38:18:38:23":3,"s:39:2:46:Infinity":16,"s:40:21:42:6":17,"s:43:4:43:Infinity":18,"s:45:4:45:Infinity":19,"s:49:25:58:1":20,"f:49:25:49:30":4,"s:50:2:57:Infinity":21,"s:51:21:53:6":22,"s:54:4:54:Infinity":23,"s:56:4:56:Infinity":24,"s:60:21:73:1":25,"f:60:21:60:26":5,"s:61:2:72:Infinity":26,"s:62:22:62:56":27,"s:63:21:68:6":28,"s:69:4:69:Infinity":29,"s:71:4:71:Infinity":30,"s:75:21:93:1":31,"f:75:21:75:26":6,"s:76:2:92:Infinity":32,"s:77:22:77:56":33,"s:78:21:88:5":34,"s:89:4:89:Infinity":35,"s:91:4:91:Infinity":36,"s:95:27:138:1":37,"f:95:27:95:32":7,"s:104:24:104:44":38,"s:105:15:105:25":39,"s:106:21:106:28":40,"s:107:18:107:22":41,"s:108:17:108:45":42,"b:108:37:108:40:108:43:108:45":0,"s:109:18:109:49":43,"b:109:38:109:44:109:47:109:49":1,"s:111:18:119:3":44,"s:121:2:137:Infinity":45,"s:122:22:122:56":46,"s:123:21:133:5":47,"s:134:4:134:Infinity":48,"s:136:4:136:Infinity":49,"s:140:27:157:1":50,"f:140:27:140:32":8,"s:141:2:156:Infinity":51,"s:142:22:142:56":52,"s:143:21:152:5":53,"s:153:4:153:Infinity":54,"s:155:4:155:Infinity":55,"s:159:34:179:1":56,"f:159:34:159:39":9,"s:160:2:178:Infinity":57,"s:161:22:161:56":58,"s:162:21:174:5":59,"s:175:4:175:Infinity":60,"s:177:4:177:Infinity":61,"s:181:29:190:1":62,"f:181:29:181:34":10,"s:182:2:189:Infinity":63,"s:183:21:185:6":64,"s:186:4:186:Infinity":65,"s:188:4:188:Infinity":66,"s:192:39:204:1":67,"f:192:39:192:44":11,"s:193:2:203:Infinity":68,"s:194:21:199:5":69,"s:200:4:200:Infinity":70,"s:202:4:202:Infinity":71,"s:206:27:227:1":72,"f:206:27:206:32":12,"s:207:2:226:Infinity":73,"b:208:4:216:Infinity:undefined:undefined:undefined:undefined":2,"s:208:4:216:Infinity":74,"s:209:23:214:7":75,"s:215:6:215:Infinity":76,"s:217:21:222:5":77,"s:223:4:223:Infinity":78,"s:225:4:225:Infinity":79,"s:229:19:247:1":80,"f:229:19:229:24":13,"s:230:2:246:Infinity":81,"s:231:22:231:56":82,"s:232:21:242:5":83,"s:243:4:243:Infinity":84,"s:245:4:245:Infinity":85,"s:249:20:267:1":86,"f:249:20:249:25":14,"s:250:2:266:Infinity":87,"s:251:22:251:56":88,"s:252:21:262:5":89,"s:263:4:263:Infinity":90,"s:265:4:265:Infinity":91,"s:269:29:278:1":92,"f:269:29:269:34":15,"s:270:2:277:Infinity":93,"s:271:21:273:6":94,"s:274:4:274:Infinity":95,"s:276:4:276:Infinity":96,"s:280:20:298:1":97,"f:280:20:280:25":16,"s:281:2:297:Infinity":98,"s:282:22:282:56":99,"s:283:21:293:5":100,"s:294:4:294:Infinity":101,"s:296:4:296:Infinity":102,"s:300:32:329:1":103,"f:300:32:300:37":17,"s:301:2:328:Infinity":104,"s:302:22:302:56":105,"s:303:21:316:5":106,"b:318:4:325:Infinity:320:11:325:Infinity":3,"s:318:4:325:Infinity":107,"s:319:6:319:Infinity":108,"b:319:33:319:54:319:58:319:67":4,"s:321:6:324:Infinity":109,"b:323:13:323:34:323:38:323:Infinity":5,"s:327:4:327:Infinity":110,"s:331:28:343:1":111,"f:331:28:331:33":18,"s:332:2:342:Infinity":112,"s:333:21:338:5":113,"s:339:4:339:Infinity":114,"s:341:4:341:Infinity":115}}}
,"/home/fialco/yo-juttui/pienryhmien-optimointi/frontend/src/utils/constants.js": {"path":"/home/fialco/yo-juttui/pienryhmien-optimointi/frontend/src/utils/constants.js","statementMap":{"0":{"start":{"line":1,"column":23},"end":{"line":1,"column":50}},"1":{"start":{"line":3,"column":25},"end":{"line":16,"column":1}}},"fnMap":{},"branchMap":{},"s":{"0":2,"1":2},"f":{},"b":{},"meta":{"lastBranch":0,"lastFunction":0,"lastStatement":2,"seen":{"s:1:23:1:50":0,"s:3:25:16:1":1}}}
}
